<?xml version="1.0" encoding="UTF-8"?>
<!-- Generated by org.testng.reporters.JUnitReportReporter -->
<testsuite skipped="0" hostname="Rajivs-MacBook-Pro.local" name="com.seleniumhq.selenium_java.pageObjects.StandaloneTestCopy" tests="1" failures="0" timestamp="20 Nov 2023 09:04:55 GMT" time="34.496" errors="0">
  <testcase name="submitOrder" time="34.496" classname="com.seleniumhq.selenium_java.pageObjects.StandaloneTestCopy"/>
</testsuite> <!-- com.seleniumhq.selenium_java.pageObjects.StandaloneTestCopy -->
