<?xml version="1.0" encoding="UTF-8"?>
<!-- Generated by org.testng.reporters.JUnitReportReporter -->
<testsuite skipped="0" hostname="Rajivs-MacBook-Pro.local" name="com.seleniumhq.selenium_java.pageObjects.StandaloneTest" tests="1" failures="0" timestamp="10 Nov 2023 09:33:29 GMT" time="35.012" errors="0">
  <testcase name="submitOrder" time="35.012" classname="com.seleniumhq.selenium_java.pageObjects.StandaloneTest"/>
</testsuite> <!-- com.seleniumhq.selenium_java.pageObjects.StandaloneTest -->
